Build started 18/06/2012 9:40:20 PM.
     1>Project "C:\Users\Yujin Wu\Documents\visual studio 2010\Projects\MPIR SDL mandelbrot\Practice\Practice.vcxproj" on node 2 (build target(s)).
     1>InitializeBuildStatus:
         Creating "Debug\Practice.unsuccessfulbuild" because "AlwaysCreate" was specified.
       ClCompile:
         c:\Program Files (x86)\Microsoft Visual Studio 10.0\VC\bin\CL.exe /c /ZI /nologo /W3 /WX- /Od /Oy- /D _MBCS /Gm /EHsc /RTC1 /MD /GS /fp:precise /Zc:wchar_t /Zc:forScope /Fo"Debug\\" /Fd"Debug\vc100.pdb" /Gd /TP /analyze- /errorReport:prompt main.cpp
         main.cpp
     1>c:\users\yujin wu\documents\cool stuff\mpir-2.5.1\mpirxx.h(1684): warning C4800: 'int' : forcing value to bool 'true' or 'false' (performance warning)
     1>c:\users\yujin wu\documents\cool stuff\mpir-2.5.1\mpirxx.h(1685): warning C4800: 'int' : forcing value to bool 'true' or 'false' (performance warning)
     1>c:\users\yujin wu\documents\cool stuff\mpir-2.5.1\mpirxx.h(1686): warning C4800: 'int' : forcing value to bool 'true' or 'false' (performance warning)
     1>c:\users\yujin wu\documents\cool stuff\mpir-2.5.1\mpirxx.h(1687): warning C4800: 'int' : forcing value to bool 'true' or 'false' (performance warning)
     1>c:\users\yujin wu\documents\cool stuff\mpir-2.5.1\mpirxx.h(1688): warning C4800: 'int' : forcing value to bool 'true' or 'false' (performance warning)
     1>c:\users\yujin wu\documents\cool stuff\mpir-2.5.1\mpirxx.h(1689): warning C4800: 'int' : forcing value to bool 'true' or 'false' (performance warning)
     1>c:\users\yujin wu\documents\cool stuff\mpir-2.5.1\mpirxx.h(2067): warning C4800: 'int' : forcing value to bool 'true' or 'false' (performance warning)
     1>c:\users\yujin wu\documents\cool stuff\mpir-2.5.1\mpirxx.h(2068): warning C4800: 'int' : forcing value to bool 'true' or 'false' (performance warning)
     1>c:\users\yujin wu\documents\cool stuff\mpir-2.5.1\mpirxx.h(2069): warning C4800: 'int' : forcing value to bool 'true' or 'false' (performance warning)
     1>c:\users\yujin wu\documents\cool stuff\mpir-2.5.1\mpirxx.h(2070): warning C4800: 'int' : forcing value to bool 'true' or 'false' (performance warning)
     1>c:\users\yujin wu\documents\cool stuff\mpir-2.5.1\mpirxx.h(2071): warning C4800: 'int' : forcing value to bool 'true' or 'false' (performance warning)
     1>c:\users\yujin wu\documents\cool stuff\mpir-2.5.1\mpirxx.h(2072): warning C4800: 'int' : forcing value to bool 'true' or 'false' (performance warning)
     1>c:\users\yujin wu\documents\visual studio 2010\projects\mpir sdl mandelbrot\practice\main.cpp(267): warning C4715: 'init' : not all control paths return a value
       Link:
         c:\Program Files (x86)\Microsoft Visual Studio 10.0\VC\bin\link.exe /ERRORREPORT:PROMPT /OUT:"C:\Users\Yujin Wu\Documents\Visual Studio 2010\Projects\MPIR SDL mandelbrot\Debug\Practice.exe" /NOLOGO SDL.lib SDLmain.lib mpir.lib mpirxx.lib kernel32.lib user32.lib gdi32.lib winspool.lib comdlg32.lib advapi32.lib shell32.lib ole32.lib oleaut32.lib uuid.lib odbc32.lib odbccp32.lib /MANIFEST /ManifestFile:"Debug\Practice.exe.intermediate.manifest" /MANIFESTUAC:"level='asInvoker' uiAccess='false'" /DEBUG /PDB:"C:\Users\Yujin Wu\Documents\Visual Studio 2010\Projects\MPIR SDL mandelbrot\Debug\Practice.pdb" /TLBID:1 /DYNAMICBASE /NXCOMPAT /IMPLIB:"C:\Users\Yujin Wu\Documents\Visual Studio 2010\Projects\MPIR SDL mandelbrot\Debug\Practice.lib" /MACHINE:X86 Debug\main.obj
         LINK : C:\Users\Yujin Wu\Documents\Visual Studio 2010\Projects\MPIR SDL mandelbrot\Debug\Practice.exe not found or not built by the last incremental link; performing full link
     1>LINK : warning LNK4098: defaultlib 'LIBCMT' conflicts with use of other libs; use /NODEFAULTLIB:library
         Practice.vcxproj -> C:\Users\Yujin Wu\Documents\Visual Studio 2010\Projects\MPIR SDL mandelbrot\Debug\Practice.exe
       Manifest:
         c:\Program Files (x86)\Microsoft SDKs\Windows\v7.0A\bin\mt.exe /nologo /verbose /outputresource:"C:\Users\Yujin Wu\Documents\Visual Studio 2010\Projects\MPIR SDL mandelbrot\Debug\Practice.exe;#1" /manifest Debug\Practice.exe.intermediate.manifest
       FinalizeBuildStatus:
         Deleting file "Debug\Practice.unsuccessfulbuild".
         Touching "Debug\Practice.lastbuildstate".
     1>Done Building Project "C:\Users\Yujin Wu\Documents\visual studio 2010\Projects\MPIR SDL mandelbrot\Practice\Practice.vcxproj" (build target(s)).

Build succeeded.

Time Elapsed 00:00:12.62
