C:\USERS\YUJIN WU\DOCUMENTS\VISUAL STUDIO 2010\PROJECTS\PRACTICE\PRACTICE\RELEASE\MAIN.OBJ
C:\USERS\YUJIN WU\DOCUMENTS\VISUAL STUDIO 2010\PROJECTS\PRACTICE\PRACTICE\RELEASE\VC100.PDB
C:\USERS\YUJIN WU\DOCUMENTS\VISUAL STUDIO 2010\PROJECTS\MPIR SDL MANDELBROT\PRACTICE\RELEASE\MAIN.OBJ
C:\USERS\YUJIN WU\DOCUMENTS\VISUAL STUDIO 2010\PROJECTS\PRACTICE\RELEASE\PRACTICE.EXE
C:\USERS\YUJIN WU\DOCUMENTS\VISUAL STUDIO 2010\PROJECTS\PRACTICE\PRACTICE\RELEASE\PRACTICE.EXE.INTERMEDIATE.MANIFEST
C:\USERS\YUJIN WU\DOCUMENTS\VISUAL STUDIO 2010\PROJECTS\PRACTICE\RELEASE\PRACTICE.PDB
C:\USERS\YUJIN WU\DOCUMENTS\VISUAL STUDIO 2010\PROJECTS\MPIR SDL MANDELBROT\RELEASE\PRACTICE.EXE
C:\USERS\YUJIN WU\DOCUMENTS\VISUAL STUDIO 2010\PROJECTS\MPIR SDL MANDELBROT\PRACTICE\RELEASE\PRACTICE.EXE.INTERMEDIATE.MANIFEST
C:\USERS\YUJIN WU\DOCUMENTS\VISUAL STUDIO 2010\PROJECTS\MPIR SDL MANDELBROT\RELEASE\PRACTICE.PDB
C:\Users\Yujin Wu\Documents\Visual Studio 2010\Projects\MPIR SDL mandelbrot\Practice\Release\main.obj
C:\Users\Yujin Wu\Documents\Visual Studio 2010\Projects\MPIR SDL mandelbrot\Practice\Release\cl.command.1.tlog
C:\Users\Yujin Wu\Documents\Visual Studio 2010\Projects\MPIR SDL mandelbrot\Practice\Release\CL.read.1.tlog
C:\Users\Yujin Wu\Documents\Visual Studio 2010\Projects\MPIR SDL mandelbrot\Practice\Release\CL.write.1.tlog
C:\Users\Yujin Wu\Documents\Visual Studio 2010\Projects\MPIR SDL mandelbrot\Practice\Release\link.command.1.tlog
C:\Users\Yujin Wu\Documents\Visual Studio 2010\Projects\MPIR SDL mandelbrot\Practice\Release\link.read.1.tlog
C:\Users\Yujin Wu\Documents\Visual Studio 2010\Projects\MPIR SDL mandelbrot\Practice\Release\link.write.1.tlog
C:\Users\Yujin Wu\Documents\Visual Studio 2010\Projects\MPIR SDL mandelbrot\Practice\Release\mt.command.1.tlog
C:\Users\Yujin Wu\Documents\Visual Studio 2010\Projects\MPIR SDL mandelbrot\Practice\Release\mt.read.1.tlog
C:\Users\Yujin Wu\Documents\Visual Studio 2010\Projects\MPIR SDL mandelbrot\Practice\Release\mt.write.1.tlog
C:\Users\Yujin Wu\Documents\Visual Studio 2010\Projects\MPIR SDL mandelbrot\Practice\Release\Practice.exe.intermediate.manifest
C:\Users\Yujin Wu\Documents\Visual Studio 2010\Projects\MPIR SDL mandelbrot\Practice\Release\vc100.pdb
C:\Users\Yujin Wu\Documents\Visual Studio 2010\Projects\MPIR SDL mandelbrot\Release\Practice.pdb
C:\Users\Yujin Wu\Documents\Visual Studio 2010\Projects\MPIR SDL mandelbrot\Release\Practice.exe
