Build started 5/12/2012 1:15:35 PM.
     1>Project "C:\Users\Yujin Wu\Documents\Visual Studio 2010\Projects\MPIR SDL mandelbrot\Practice\Practice.vcxproj" on node 2 (Build target(s)).
     1>InitializeBuildStatus:
         Creating "Release\Practice.unsuccessfulbuild" because "AlwaysCreate" was specified.
       ClCompile:
         C:\Program Files (x86)\Microsoft Visual Studio 11.0\VC\bin\CL.exe /c /Zi /nologo /W3 /WX- /O2 /Oi /Oy- /GL /D _MBCS /Gm- /EHsc /MD /GS /Gy /fp:precise /Zc:wchar_t /Zc:forScope /Fo"Release\\" /Fd"Release\vc110.pdb" /Gd /TP /analyze- /errorReport:prompt mandelbrot.cpp
         mandelbrot.cpp
       Link:
         C:\Program Files (x86)\Microsoft Visual Studio 11.0\VC\bin\link.exe /ERRORREPORT:PROMPT /OUT:"C:\Users\Yujin Wu\Documents\Visual Studio 2010\Projects\MPIR SDL mandelbrot\Release\Practice.exe" /NOLOGO SDL.lib SDLmain.lib mpir.lib mpirxx.lib kernel32.lib user32.lib gdi32.lib winspool.lib comdlg32.lib advapi32.lib shell32.lib ole32.lib oleaut32.lib uuid.lib odbc32.lib odbccp32.lib /MANIFEST /MANIFESTUAC:"level='asInvoker' uiAccess='false'" /manifest:embed /DEBUG /PDB:"C:\Users\Yujin Wu\Documents\Visual Studio 2010\Projects\MPIR SDL mandelbrot\Release\Practice.pdb" /OPT:REF /OPT:ICF /LTCG /TLBID:1 /DYNAMICBASE /NXCOMPAT /IMPLIB:"C:\Users\Yujin Wu\Documents\Visual Studio 2010\Projects\MPIR SDL mandelbrot\Release\Practice.lib" /MACHINE:X86 /SAFESEH Release\main.obj
         Release\mandelbrot.obj
     1>LINK : warning LNK4098: defaultlib 'LIBCMT' conflicts with use of other libs; use /NODEFAULTLIB:library
         Generating code
     1>c:\users\yujin wu\documents\visual studio 2010\projects\mpir sdl mandelbrot\practice\main.cpp(269): warning C4715: 'init' : not all control paths return a value
         Finished generating code
         Practice.vcxproj -> C:\Users\Yujin Wu\Documents\Visual Studio 2010\Projects\MPIR SDL mandelbrot\Release\Practice.exe
       FinalizeBuildStatus:
         Deleting file "Release\Practice.unsuccessfulbuild".
         Touching "Release\Practice.lastbuildstate".
     1>Done Building Project "C:\Users\Yujin Wu\Documents\Visual Studio 2010\Projects\MPIR SDL mandelbrot\Practice\Practice.vcxproj" (Build target(s)).

Build succeeded.

Time Elapsed 00:00:01.32
